Traceback (most recent call last):
  File "/opt/anaconda3/envs/jupyterbook/lib/python3.10/site-packages/jupyter_cache/executors/utils.py", line 51, in single_nb_execution
    executenb(
  File "/opt/anaconda3/envs/jupyterbook/lib/python3.10/site-packages/nbclient/client.py", line 1204, in execute
    return NotebookClient(nb=nb, resources=resources, km=km, **kwargs).execute()
  File "/opt/anaconda3/envs/jupyterbook/lib/python3.10/site-packages/nbclient/util.py", line 84, in wrapped
    return just_run(coro(*args, **kwargs))
  File "/opt/anaconda3/envs/jupyterbook/lib/python3.10/site-packages/nbclient/util.py", line 62, in just_run
    return loop.run_until_complete(coro)
  File "/opt/anaconda3/envs/jupyterbook/lib/python3.10/asyncio/base_events.py", line 649, in run_until_complete
    return future.result()
  File "/opt/anaconda3/envs/jupyterbook/lib/python3.10/site-packages/nbclient/client.py", line 663, in async_execute
    await self.async_execute_cell(
  File "/opt/anaconda3/envs/jupyterbook/lib/python3.10/site-packages/nbclient/client.py", line 965, in async_execute_cell
    await self._check_raise_for_error(cell, cell_index, exec_reply)
  File "/opt/anaconda3/envs/jupyterbook/lib/python3.10/site-packages/nbclient/client.py", line 862, in _check_raise_for_error
    raise CellExecutionError.from_cell_and_msg(cell, exec_reply_content)
nbclient.exceptions.CellExecutionError: An error occurred while executing the following cell:
------------------
# Parameters
init_x = np.array([-3.0, 4.0])
lr = 0.1
num_iterations = 20

# Run gradient descent
x_history = gradient_descent(function_f, init_x, lr, num_iterations)

# å‹¾é…é™ä¸‹æ³•ã®å®Ÿè£…
def gradient_descent(f, init_x, lr=0.01, num_iterations=100):
    x = init_x
    x_history = [x.copy()]

    for i in range(num_iterations):
        grad = numberical_gradient(f, x)
        x -= lr * grad
        x_history.append(x.copy())

    return np.array(x_history)

# Parameters
init_x = np.array([-3.0, 4.0])
lr = 0.1
num_iterations = 20

# å¯è¦–åŒ–
x = np.linspace(-4.5, 4.5, 200)
y = np.linspace(-4.5, 4.5, 200)
X, Y = np.meshgrid(x, y)
Z = X**2 + Y**2

plt.figure(figsize=(8, 6))
contour = plt.contour(X, Y, Z, levels=10, colors='black', linestyles='dashed')
plt.clabel(contour)

plt.plot(x_history[:, 0], x_history[:, 1], 'o-', color='red')
plt.xlim(-4.5, 4.5)
plt.ylim(-4.5, 4.5)
plt.xlabel("X0")
plt.ylabel("X1")
plt.title("Gradient Descent on $f(x_0, x_1) = x_0^2 + x_1^2$")
plt.show()
------------------

[0;31m---------------------------------------------------------------------------[0m
[0;31mNameError[0m                                 Traceback (most recent call last)
Cell [0;32mIn[4], line 7[0m
[1;32m      4[0m num_iterations [38;5;241m=[39m [38;5;241m20[39m
[1;32m      6[0m [38;5;66;03m# Run gradient descent[39;00m
[0;32m----> 7[0m x_history [38;5;241m=[39m [43mgradient_descent[49m(function_f, init_x, lr, num_iterations)
[1;32m      9[0m [38;5;66;03m# å‹¾é…é™ä¸‹æ³•ã®å®Ÿè£…[39;00m
[1;32m     10[0m [38;5;28;01mdef[39;00m [38;5;21mgradient_descent[39m(f, init_x, lr[38;5;241m=[39m[38;5;241m0.01[39m, num_iterations[38;5;241m=[39m[38;5;241m100[39m):

[0;31mNameError[0m: name 'gradient_descent' is not defined
NameError: name 'gradient_descent' is not defined

